[main] DEBUG org.apache.http.impl.conn.BasicClientConnectionManager  - Get connection for route {s}->https://gorest.co.in:443
[main] DEBUG org.apache.http.impl.conn.DefaultClientConnectionOperator  - Connecting to gorest.co.in:443
[main] DEBUG org.apache.http.client.protocol.RequestAddCookies  - CookieSpec selected: ignoreCookies
[main] DEBUG org.apache.http.client.protocol.RequestAuthCache  - Auth cache not set in the context
[main] DEBUG org.apache.http.client.protocol.RequestProxyAuthentication  - Proxy auth state: UNCHALLENGED
[main] DEBUG org.apache.http.impl.client.DefaultHttpClient  - Attempt 1 to execute request
[main] DEBUG org.apache.http.impl.conn.DefaultClientConnection  - Sending request: POST /public/v1/users HTTP/1.1
[main] DEBUG org.apache.http.wire  -  >> "POST /public/v1/users HTTP/1.1[\r][\n]"
[main] DEBUG org.apache.http.wire  -  >> "Authorization: Bearer 6e398124a1dd58b3e41e21ec5e41a269137a8771586f4fc839091bcc99606ed3[\r][\n]"
[main] DEBUG org.apache.http.wire  -  >> "Accept: application/json, application/javascript, text/javascript, text/json[\r][\n]"
[main] DEBUG org.apache.http.wire  -  >> "Content-Type: application/json[\r][\n]"
[main] DEBUG org.apache.http.wire  -  >> "Content-Length: 95[\r][\n]"
[main] DEBUG org.apache.http.wire  -  >> "Host: gorest.co.in[\r][\n]"
[main] DEBUG org.apache.http.wire  -  >> "Connection: Keep-Alive[\r][\n]"
[main] DEBUG org.apache.http.wire  -  >> "User-Agent: Apache-HttpClient/4.5.13 (Java/15.0.2)[\r][\n]"
[main] DEBUG org.apache.http.wire  -  >> "Accept-Encoding: gzip,deflate[\r][\n]"
[main] DEBUG org.apache.http.wire  -  >> "[\r][\n]"
[main] DEBUG org.apache.http.headers  - >> POST /public/v1/users HTTP/1.1
[main] DEBUG org.apache.http.headers  - >> Authorization: Bearer 6e398124a1dd58b3e41e21ec5e41a269137a8771586f4fc839091bcc99606ed3
[main] DEBUG org.apache.http.headers  - >> Accept: application/json, application/javascript, text/javascript, text/json
[main] DEBUG org.apache.http.headers  - >> Content-Type: application/json
[main] DEBUG org.apache.http.headers  - >> Content-Length: 95
[main] DEBUG org.apache.http.headers  - >> Host: gorest.co.in
[main] DEBUG org.apache.http.headers  - >> Connection: Keep-Alive
[main] DEBUG org.apache.http.headers  - >> User-Agent: Apache-HttpClient/4.5.13 (Java/15.0.2)
[main] DEBUG org.apache.http.headers  - >> Accept-Encoding: gzip,deflate
[main] DEBUG org.apache.http.wire  -  >> "{"gender":"male","name":"Lieselotte Ruecker","email":"luz.leffler@yahoo.com","status":"active"}"
[main] DEBUG org.apache.http.wire  -  << "HTTP/1.1 201 Created[\r][\n]"
[main] DEBUG org.apache.http.wire  -  << "Server: nginx[\r][\n]"
[main] DEBUG org.apache.http.wire  -  << "Date: Wed, 27 Oct 2021 14:11:47 GMT[\r][\n]"
[main] DEBUG org.apache.http.wire  -  << "Content-Type: application/json; charset=utf-8[\r][\n]"
[main] DEBUG org.apache.http.wire  -  << "Transfer-Encoding: chunked[\r][\n]"
[main] DEBUG org.apache.http.wire  -  << "Connection: keep-alive[\r][\n]"
[main] DEBUG org.apache.http.wire  -  << "X-Frame-Options: SAMEORIGIN[\r][\n]"
[main] DEBUG org.apache.http.wire  -  << "X-XSS-Protection: 1; mode=block[\r][\n]"
[main] DEBUG org.apache.http.wire  -  << "X-Content-Type-Options: nosniff[\r][\n]"
[main] DEBUG org.apache.http.wire  -  << "X-Download-Options: noopen[\r][\n]"
[main] DEBUG org.apache.http.wire  -  << "X-Permitted-Cross-Domain-Policies: none[\r][\n]"
[main] DEBUG org.apache.http.wire  -  << "Referrer-Policy: strict-origin-when-cross-origin[\r][\n]"
[main] DEBUG org.apache.http.wire  -  << "Location: https://gorest.co.in/public/v1/users/3110[\r][\n]"
[main] DEBUG org.apache.http.wire  -  << "ETag: W/"c9d9cb41c92a46c2fa3eea5536a1c45a"[\r][\n]"
[main] DEBUG org.apache.http.wire  -  << "Cache-Control: max-age=0, private, must-revalidate[\r][\n]"
[main] DEBUG org.apache.http.wire  -  << "X-Request-Id: 33fb1cb9-ea8f-4078-b573-6c124ac8c009[\r][\n]"
[main] DEBUG org.apache.http.wire  -  << "X-Runtime: 0.018551[\r][\n]"
[main] DEBUG org.apache.http.wire  -  << "Strict-Transport-Security: max-age=63072000; includeSubDomains[\r][\n]"
[main] DEBUG org.apache.http.wire  -  << "Vary: Origin[\r][\n]"
[main] DEBUG org.apache.http.wire  -  << "[\r][\n]"
[main] DEBUG org.apache.http.impl.conn.DefaultClientConnection  - Receiving response: HTTP/1.1 201 Created
[main] DEBUG org.apache.http.headers  - << HTTP/1.1 201 Created
[main] DEBUG org.apache.http.headers  - << Server: nginx
[main] DEBUG org.apache.http.headers  - << Date: Wed, 27 Oct 2021 14:11:47 GMT
[main] DEBUG org.apache.http.headers  - << Content-Type: application/json; charset=utf-8
[main] DEBUG org.apache.http.headers  - << Transfer-Encoding: chunked
[main] DEBUG org.apache.http.headers  - << Connection: keep-alive
[main] DEBUG org.apache.http.headers  - << X-Frame-Options: SAMEORIGIN
[main] DEBUG org.apache.http.headers  - << X-XSS-Protection: 1; mode=block
[main] DEBUG org.apache.http.headers  - << X-Content-Type-Options: nosniff
[main] DEBUG org.apache.http.headers  - << X-Download-Options: noopen
[main] DEBUG org.apache.http.headers  - << X-Permitted-Cross-Domain-Policies: none
[main] DEBUG org.apache.http.headers  - << Referrer-Policy: strict-origin-when-cross-origin
[main] DEBUG org.apache.http.headers  - << Location: https://gorest.co.in/public/v1/users/3110
[main] DEBUG org.apache.http.headers  - << ETag: W/"c9d9cb41c92a46c2fa3eea5536a1c45a"
[main] DEBUG org.apache.http.headers  - << Cache-Control: max-age=0, private, must-revalidate
[main] DEBUG org.apache.http.headers  - << X-Request-Id: 33fb1cb9-ea8f-4078-b573-6c124ac8c009
[main] DEBUG org.apache.http.headers  - << X-Runtime: 0.018551
[main] DEBUG org.apache.http.headers  - << Strict-Transport-Security: max-age=63072000; includeSubDomains
[main] DEBUG org.apache.http.headers  - << Vary: Origin
[main] DEBUG org.apache.http.impl.client.DefaultHttpClient  - Connection can be kept alive indefinitely
[main] DEBUG io.restassured.internal.RequestSpecificationImpl$RestAssuredHttpBuilder  - Parsing response as: application/json; charset=utf-8
[main] DEBUG io.restassured.internal.RequestSpecificationImpl$RestAssuredHttpBuilder  - Parsed data to instance of: class org.apache.http.conn.EofSensorInputStream
[main] DEBUG org.apache.http.wire  -  << "7e[\r][\n]"
[main] DEBUG org.apache.http.wire  -  << "{"meta":null,"data":{"id":3110,"name":"Lieselotte Ruecker","email":"luz.leffler@yahoo.com","gender":"male","status":"active"}}"
[main] DEBUG org.apache.http.wire  -  << "[\r][\n]"
[main] DEBUG org.apache.http.wire  -  << "0[\r][\n]"
[main] DEBUG org.apache.http.wire  -  << "[\r][\n]"
[main] DEBUG org.apache.http.impl.conn.BasicClientConnectionManager  - Releasing connection org.apache.http.impl.conn.ManagedClientConnectionImpl@191f4d65
[main] DEBUG org.apache.http.impl.conn.BasicClientConnectionManager  - Connection can be kept alive indefinitely
[main] DEBUG org.apache.http.impl.conn.BasicClientConnectionManager  - Get connection for route {s}->https://gorest.co.in:443
[main] DEBUG org.apache.http.impl.conn.DefaultClientConnectionOperator  - Connecting to gorest.co.in:443
[main] DEBUG org.apache.http.client.protocol.RequestAddCookies  - CookieSpec selected: ignoreCookies
[main] DEBUG org.apache.http.client.protocol.RequestAuthCache  - Auth cache not set in the context
[main] DEBUG org.apache.http.client.protocol.RequestProxyAuthentication  - Proxy auth state: UNCHALLENGED
[main] DEBUG org.apache.http.impl.client.DefaultHttpClient  - Attempt 1 to execute request
[main] DEBUG org.apache.http.impl.conn.DefaultClientConnection  - Sending request: POST /public/v1/users HTTP/1.1
[main] DEBUG org.apache.http.wire  -  >> "POST /public/v1/users HTTP/1.1[\r][\n]"
[main] DEBUG org.apache.http.wire  -  >> "Authorization: Bearer 6e398124a1dd58b3e41e21ec5e41a269137a8771586f4fc839091bcc99606ed3[\r][\n]"
[main] DEBUG org.apache.http.wire  -  >> "Accept: application/json, application/javascript, text/javascript, text/json[\r][\n]"
[main] DEBUG org.apache.http.wire  -  >> "Content-Type: application/json[\r][\n]"
[main] DEBUG org.apache.http.wire  -  >> "Content-Length: 95[\r][\n]"
[main] DEBUG org.apache.http.wire  -  >> "Host: gorest.co.in[\r][\n]"
[main] DEBUG org.apache.http.wire  -  >> "Connection: Keep-Alive[\r][\n]"
[main] DEBUG org.apache.http.wire  -  >> "User-Agent: Apache-HttpClient/4.5.13 (Java/15.0.2)[\r][\n]"
[main] DEBUG org.apache.http.wire  -  >> "Accept-Encoding: gzip,deflate[\r][\n]"
[main] DEBUG org.apache.http.wire  -  >> "[\r][\n]"
[main] DEBUG org.apache.http.headers  - >> POST /public/v1/users HTTP/1.1
[main] DEBUG org.apache.http.headers  - >> Authorization: Bearer 6e398124a1dd58b3e41e21ec5e41a269137a8771586f4fc839091bcc99606ed3
[main] DEBUG org.apache.http.headers  - >> Accept: application/json, application/javascript, text/javascript, text/json
[main] DEBUG org.apache.http.headers  - >> Content-Type: application/json
[main] DEBUG org.apache.http.headers  - >> Content-Length: 95
[main] DEBUG org.apache.http.headers  - >> Host: gorest.co.in
[main] DEBUG org.apache.http.headers  - >> Connection: Keep-Alive
[main] DEBUG org.apache.http.headers  - >> User-Agent: Apache-HttpClient/4.5.13 (Java/15.0.2)
[main] DEBUG org.apache.http.headers  - >> Accept-Encoding: gzip,deflate
[main] DEBUG org.apache.http.wire  -  >> "{"gender":"female","name":"Eladia Gutkowski","email":"jamey.grady@yahoo.com","status":"active"}"
[main] DEBUG org.apache.http.wire  -  << "HTTP/1.1 201 Created[\r][\n]"
[main] DEBUG org.apache.http.wire  -  << "Server: nginx[\r][\n]"
[main] DEBUG org.apache.http.wire  -  << "Date: Wed, 27 Oct 2021 14:25:41 GMT[\r][\n]"
[main] DEBUG org.apache.http.wire  -  << "Content-Type: application/json; charset=utf-8[\r][\n]"
[main] DEBUG org.apache.http.wire  -  << "Transfer-Encoding: chunked[\r][\n]"
[main] DEBUG org.apache.http.wire  -  << "Connection: keep-alive[\r][\n]"
[main] DEBUG org.apache.http.wire  -  << "X-Frame-Options: SAMEORIGIN[\r][\n]"
[main] DEBUG org.apache.http.wire  -  << "X-XSS-Protection: 1; mode=block[\r][\n]"
[main] DEBUG org.apache.http.wire  -  << "X-Content-Type-Options: nosniff[\r][\n]"
[main] DEBUG org.apache.http.wire  -  << "X-Download-Options: noopen[\r][\n]"
[main] DEBUG org.apache.http.wire  -  << "X-Permitted-Cross-Domain-Policies: none[\r][\n]"
[main] DEBUG org.apache.http.wire  -  << "Referrer-Policy: strict-origin-when-cross-origin[\r][\n]"
[main] DEBUG org.apache.http.wire  -  << "Location: https://gorest.co.in/public/v1/users/3143[\r][\n]"
[main] DEBUG org.apache.http.wire  -  << "ETag: W/"9d47e64671797a443e503ffe6c22bdaa"[\r][\n]"
[main] DEBUG org.apache.http.wire  -  << "Cache-Control: max-age=0, private, must-revalidate[\r][\n]"
[main] DEBUG org.apache.http.wire  -  << "X-Request-Id: 7bda937e-6170-48d5-83c8-1ccbb0ff1a0e[\r][\n]"
[main] DEBUG org.apache.http.wire  -  << "X-Runtime: 0.014687[\r][\n]"
[main] DEBUG org.apache.http.wire  -  << "Strict-Transport-Security: max-age=63072000; includeSubDomains[\r][\n]"
[main] DEBUG org.apache.http.wire  -  << "Vary: Origin[\r][\n]"
[main] DEBUG org.apache.http.wire  -  << "[\r][\n]"
[main] DEBUG org.apache.http.impl.conn.DefaultClientConnection  - Receiving response: HTTP/1.1 201 Created
[main] DEBUG org.apache.http.headers  - << HTTP/1.1 201 Created
[main] DEBUG org.apache.http.headers  - << Server: nginx
[main] DEBUG org.apache.http.headers  - << Date: Wed, 27 Oct 2021 14:25:41 GMT
[main] DEBUG org.apache.http.headers  - << Content-Type: application/json; charset=utf-8
[main] DEBUG org.apache.http.headers  - << Transfer-Encoding: chunked
[main] DEBUG org.apache.http.headers  - << Connection: keep-alive
[main] DEBUG org.apache.http.headers  - << X-Frame-Options: SAMEORIGIN
[main] DEBUG org.apache.http.headers  - << X-XSS-Protection: 1; mode=block
[main] DEBUG org.apache.http.headers  - << X-Content-Type-Options: nosniff
[main] DEBUG org.apache.http.headers  - << X-Download-Options: noopen
[main] DEBUG org.apache.http.headers  - << X-Permitted-Cross-Domain-Policies: none
[main] DEBUG org.apache.http.headers  - << Referrer-Policy: strict-origin-when-cross-origin
[main] DEBUG org.apache.http.headers  - << Location: https://gorest.co.in/public/v1/users/3143
[main] DEBUG org.apache.http.headers  - << ETag: W/"9d47e64671797a443e503ffe6c22bdaa"
[main] DEBUG org.apache.http.headers  - << Cache-Control: max-age=0, private, must-revalidate
[main] DEBUG org.apache.http.headers  - << X-Request-Id: 7bda937e-6170-48d5-83c8-1ccbb0ff1a0e
[main] DEBUG org.apache.http.headers  - << X-Runtime: 0.014687
[main] DEBUG org.apache.http.headers  - << Strict-Transport-Security: max-age=63072000; includeSubDomains
[main] DEBUG org.apache.http.headers  - << Vary: Origin
[main] DEBUG org.apache.http.impl.client.DefaultHttpClient  - Connection can be kept alive indefinitely
[main] DEBUG io.restassured.internal.RequestSpecificationImpl$RestAssuredHttpBuilder  - Parsing response as: application/json; charset=utf-8
[main] DEBUG io.restassured.internal.RequestSpecificationImpl$RestAssuredHttpBuilder  - Parsed data to instance of: class org.apache.http.conn.EofSensorInputStream
[main] DEBUG org.apache.http.wire  -  << "7e[\r][\n]"
[main] DEBUG org.apache.http.wire  -  << "{"meta":null,"data":{"id":3143,"name":"Eladia Gutkowski","email":"jamey.grady@yahoo.com","gender":"female","status":"active"}}"
[main] DEBUG org.apache.http.wire  -  << "[\r][\n]"
[main] DEBUG org.apache.http.wire  -  << "0[\r][\n]"
[main] DEBUG org.apache.http.wire  -  << "[\r][\n]"
[main] DEBUG org.apache.http.impl.conn.BasicClientConnectionManager  - Releasing connection org.apache.http.impl.conn.ManagedClientConnectionImpl@7ab33ca8
[main] DEBUG org.apache.http.impl.conn.BasicClientConnectionManager  - Connection can be kept alive indefinitely
